# JRE version: OpenJDK Runtime Environment (8.0_242-b01) (build 1.8.0_242-release-1644-b01)
# Java VM: OpenJDK 64-Bit Server VM (25.242-b01 mixed mode windows-amd64 compressed oops)
Heap:
 PSYoungGen      total 624128K, used 25410K [0x00000000d5580000, 0x00000000ffa00000, 0x0000000100000000)
  eden space 557568K, 3% used [0x00000000d5580000,0x00000000d683c728,0x00000000f7600000)
  from space 66560K, 9% used [0x00000000f7600000,0x00000000f7c14410,0x00000000fb700000)
  to   space 64000K, 0% used [0x00000000fbb80000,0x00000000fbb80000,0x00000000ffa00000)
 ParOldGen       total 313856K, used 248794K [0x0000000080000000, 0x0000000093280000, 0x00000000d5580000)
  object space 313856K, 79% used [0x0000000080000000,0x000000008f2f6900,0x0000000093280000)
 Metaspace       used 125105K, capacity 134116K, committed 134424K, reserved 1165312K
  class space    used 16041K, capacity 17560K, committed 17704K, reserved 1048576K
GC Heap History (10 events):
Event: 15846.219 GC heap after
Heap after GC invocations=57 (full 7):
 PSYoungGen      total 608256K, used 16652K [0x00000000d5580000, 0x00000000ff380000, 0x0000000100000000)
  eden space 530432K, 0% used [0x00000000d5580000,0x00000000d5580000,0x00000000f5b80000)
  from space 77824K, 21% used [0x00000000fa780000,0x00000000fb7c3228,0x00000000ff380000)
  to   space 77824K, 0% used [0x00000000f5b80000,0x00000000f5b80000,0x00000000fa780000)
 ParOldGen       total 313856K, used 203099K [0x0000000080000000, 0x0000000093280000, 0x00000000d5580000)
  object space 313856K, 64% used [0x0000000080000000,0x000000008c656ed8,0x0000000093280000)
 Metaspace       used 125082K, capacity 134052K, committed 134424K, reserved 1165312K
  class space    used 16041K, capacity 17560K, committed 17704K, reserved 1048576K
}
Event: 15846.616 GC heap before
{Heap before GC invocations=58 (full 7):
 PSYoungGen      total 608256K, used 547084K [0x00000000d5580000, 0x00000000ff380000, 0x0000000100000000)
  eden space 530432K, 100% used [0x00000000d5580000,0x00000000f5b80000,0x00000000f5b80000)
  from space 77824K, 21% used [0x00000000fa780000,0x00000000fb7c3228,0x00000000ff380000)
  to   space 77824K, 0% used [0x00000000f5b80000,0x00000000f5b80000,0x00000000fa780000)
 ParOldGen       total 313856K, used 203099K [0x0000000080000000, 0x0000000093280000, 0x00000000d5580000)
  object space 313856K, 64% used [0x0000000080000000,0x000000008c656ed8,0x0000000093280000)
 Metaspace       used 125087K, capacity 134052K, committed 134424K, reserved 1165312K
  class space    used 16041K, capacity 17560K, committed 17704K, reserved 1048576K
Event: 15846.642 GC heap after
Heap after GC invocations=58 (full 7):
 PSYoungGen      total 608256K, used 22487K [0x00000000d5580000, 0x00000000ff600000, 0x0000000100000000)
  eden space 530432K, 0% used [0x00000000d5580000,0x00000000d5580000,0x00000000f5b80000)
  from space 77824K, 28% used [0x00000000f5b80000,0x00000000f7175c98,0x00000000fa780000)
  to   space 72704K, 0% used [0x00000000faf00000,0x00000000faf00000,0x00000000ff600000)
 ParOldGen       total 313856K, used 216083K [0x0000000080000000, 0x0000000093280000, 0x00000000d5580000)
  object space 313856K, 68% used [0x0000000080000000,0x000000008d304cc0,0x0000000093280000)
 Metaspace       used 125087K, capacity 134052K, committed 134424K, reserved 1165312K
  class space    used 16041K, capacity 17560K, committed 17704K, reserved 1048576K
}
Event: 15847.009 GC heap before
{Heap before GC invocations=59 (full 7):
 PSYoungGen      total 608256K, used 552919K [0x00000000d5580000, 0x00000000ff600000, 0x0000000100000000)
  eden space 530432K, 100% used [0x00000000d5580000,0x00000000f5b80000,0x00000000f5b80000)
  from space 77824K, 28% used [0x00000000f5b80000,0x00000000f7175c98,0x00000000fa780000)
  to   space 72704K, 0% used [0x00000000faf00000,0x00000000faf00000,0x00000000ff600000)
 ParOldGen       total 313856K, used 216083K [0x0000000080000000, 0x0000000093280000, 0x00000000d5580000)
  object space 313856K, 68% used [0x0000000080000000,0x000000008d304cc0,0x0000000093280000)
 Metaspace       used 125089K, capacity 134052K, committed 134424K, reserved 1165312K
  class space    used 16041K, capacity 17560K, committed 17704K, reserved 1048576K
Event: 15847.036 GC heap after
Heap after GC invocations=59 (full 7):
 PSYoungGen      total 617472K, used 5376K [0x00000000d5580000, 0x00000000ff800000, 0x0000000100000000)
  eden space 544768K, 0% used [0x00000000d5580000,0x00000000d5580000,0x00000000f6980000)
  from space 72704K, 7% used [0x00000000faf00000,0x00000000fb440000,0x00000000ff600000)
  to   space 71168K, 0% used [0x00000000f6980000,0x00000000f6980000,0x00000000faf00000)
 ParOldGen       total 313856K, used 236338K [0x0000000080000000, 0x0000000093280000, 0x00000000d5580000)
  object space 313856K, 75% used [0x0000000080000000,0x000000008e6cc808,0x0000000093280000)
 Metaspace       used 125089K, capacity 134052K, committed 134424K, reserved 1165312K
  class space    used 16041K, capacity 17560K, committed 17704K, reserved 1048576K
}
Event: 15847.432 GC heap before
{Heap before GC invocations=60 (full 7):
 PSYoungGen      total 617472K, used 550144K [0x00000000d5580000, 0x00000000ff800000, 0x0000000100000000)
  eden space 544768K, 100% used [0x00000000d5580000,0x00000000f6980000,0x00000000f6980000)
  from space 72704K, 7% used [0x00000000faf00000,0x00000000fb440000,0x00000000ff600000)
  to   space 71168K, 0% used [0x00000000f6980000,0x00000000f6980000,0x00000000faf00000)
 ParOldGen       total 313856K, used 236338K [0x0000000080000000, 0x0000000093280000, 0x00000000d5580000)
  object space 313856K, 75% used [0x0000000080000000,0x000000008e6cc808,0x0000000093280000)
 Metaspace       used 125093K, capacity 134052K, committed 134424K, reserved 1165312K
  class space    used 16041K, capacity 17560K, committed 17704K, reserved 1048576K
Event: 15847.443 GC heap after
Heap after GC invocations=60 (full 7):
 PSYoungGen      total 615936K, used 6176K [0x00000000d5580000, 0x00000000ffa80000, 0x0000000100000000)
  eden space 544768K, 0% used [0x00000000d5580000,0x00000000d5580000,0x00000000f6980000)
  from space 71168K, 8% used [0x00000000f6980000,0x00000000f6f88010,0x00000000faf00000)
  to   space 69120K, 0% used [0x00000000fb700000,0x00000000fb700000,0x00000000ffa80000)
 ParOldGen       total 313856K, used 240058K [0x0000000080000000, 0x0000000093280000, 0x00000000d5580000)
  object space 313856K, 76% used [0x0000000080000000,0x000000008ea6e808,0x0000000093280000)
 Metaspace       used 125093K, capacity 134052K, committed 134424K, reserved 1165312K
  class space    used 16041K, capacity 17560K, committed 17704K, reserved 1048576K
}
Event: 15847.837 GC heap before
{Heap before GC invocations=61 (full 7):
 PSYoungGen      total 615936K, used 550944K [0x00000000d5580000, 0x00000000ffa80000, 0x0000000100000000)
  eden space 544768K, 100% used [0x00000000d5580000,0x00000000f6980000,0x00000000f6980000)
  from space 71168K, 8% used [0x00000000f6980000,0x00000000f6f88010,0x00000000faf00000)
  to   space 69120K, 0% used [0x00000000fb700000,0x00000000fb700000,0x00000000ffa80000)
 ParOldGen       total 313856K, used 240058K [0x0000000080000000, 0x0000000093280000, 0x00000000d5580000)
  object space 313856K, 76% used [0x0000000080000000,0x000000008ea6e808,0x0000000093280000)
 Metaspace       used 125094K, capacity 134052K, committed 134424K, reserved 1165312K
  class space    used 16041K, capacity 17560K, committed 17704K, reserved 1048576K
Event: 15847.849 GC heap after
Heap after GC invocations=61 (full 7):
 PSYoungGen      total 625152K, used 6091K [0x00000000d5580000, 0x00000000ff900000, 0x0000000100000000)
  eden space 557568K, 0% used [0x00000000d5580000,0x00000000d5580000,0x00000000f7600000)
  from space 67584K, 9% used [0x00000000fb700000,0x00000000fbcf2d60,0x00000000ff900000)
  to   space 66560K, 0% used [0x00000000f7600000,0x00000000f7600000,0x00000000fb700000)
 ParOldGen       total 313856K, used 244434K [0x0000000080000000, 0x0000000093280000, 0x00000000d5580000)
  object space 313856K, 77% used [0x0000000080000000,0x000000008eeb4838,0x0000000093280000)
 Metaspace       used 125094K, capacity 134052K, committed 134424K, reserved 1165312K
  class space    used 16041K, capacity 17560K, committed 17704K, reserved 1048576K
}
Event: 15848.459 GC heap before
{Heap before GC invocations=62 (full 7):
 PSYoungGen      total 625152K, used 563659K [0x00000000d5580000, 0x00000000ff900000, 0x0000000100000000)
  eden space 557568K, 100% used [0x00000000d5580000,0x00000000f7600000,0x00000000f7600000)
  from space 67584K, 9% used [0x00000000fb700000,0x00000000fbcf2d60,0x00000000ff900000)
  to   space 66560K, 0% used [0x00000000f7600000,0x00000000f7600000,0x00000000fb700000)
 ParOldGen       total 313856K, used 244434K [0x0000000080000000, 0x0000000093280000, 0x00000000d5580000)
  object space 313856K, 77% used [0x0000000080000000,0x000000008eeb4838,0x0000000093280000)
 Metaspace       used 125105K, capacity 134116K, committed 134424K, reserved 1165312K
  class space    used 16041K, capacity 17560K, committed 17704K, reserved 1048576K

